64 2
64 4
64 8
64 16
64 20
64 40
64 60
64 80
128 2
128 4
128 8
128 16
128 20
128 40
128 60
128 80
256 2
256 4
256 8
256 16
256 20
256 40
256 60
256 80
512 2
512 4
512 8
512 16
512 20
512 40
512 60
512 80
1024 2
1024 4
1024 8
1024 16
1024 20
1024 40
1024 60
1024 80
2048 2
2048 4
2048 8
2048 16
2048 20
2048 40
2048 60
2048 80
4096 2
4096 4
4096 8
4096 16
4096 20
4096 40
4096 60
4096 80
8192 2
8192 4
8192 8
8192 16
8192 20
8192 40
8192 60
8192 80
16384 2
16384 4
16384 8
16384 16
16384 20
16384 40
16384 60
16384 80
